TN:
SF:lib/routes/activity_stream/bloc/activity_stream_bloc.dart
FNF:0
FNH:0
DA:20,1
DA:22,1
DA:23,2
DA:24,2
DA:35,1
DA:38,1
DA:41,1
DA:44,2
DA:45,0
DA:46,0
DA:49,0
DA:53,2
DA:54,2
DA:55,2
DA:56,1
DA:58,1
DA:59,1
DA:60,1
DA:61,1
DA:62,1
DA:63,1
DA:64,1
DA:67,0
DA:72,1
DA:73,2
DA:74,3
DA:75,2
DA:77,3
DA:78,2
DA:80,3
DA:81,2
DA:83,3
DA:84,2
DA:86,3
DA:87,2
DA:89,3
DA:90,2
DA:92,3
DA:93,2
DA:98,1
DA:100,3
LF:41
LH:37
end_of_record
TN:
SF:lib/routes/create_story/bloc/create_story_bloc.dart
FNF:0
FNH:0
DA:27,1
DA:29,1
DA:30,2
DA:31,2
DA:36,1
DA:38,2
DA:41,3
DA:42,0
DA:43,0
DA:45,0
DA:48,2
DA:49,1
DA:51,4
DA:56,1
DA:57,3
DA:58,1
DA:59,1
DA:60,1
DA:61,1
DA:62,1
DA:63,1
DA:64,1
DA:65,1
DA:66,1
DA:67,1
DA:68,1
DA:69,1
DA:71,1
DA:72,1
DA:73,1
DA:74,1
DA:75,1
DA:76,1
DA:77,1
DA:79,1
DA:80,1
DA:81,2
DA:86,1
DA:87,1
DA:88,0
DA:89,0
DA:90,0
DA:91,1
DA:92,0
DA:93,0
DA:94,1
DA:95,0
DA:96,0
DA:99,1
DA:107,1
DA:108,1
DA:109,1
DA:112,1
DA:113,1
DA:115,1
DA:116,1
DA:119,1
DA:120,1
DA:126,1
DA:128,3
DA:129,1
DA:131,3
DA:132,3
DA:133,3
DA:134,1
DA:138,1
DA:139,1
DA:140,1
DA:142,1
DA:145,1
DA:149,1
DA:151,3
DA:152,1
DA:154,3
DA:155,1
DA:157,3
DA:158,1
DA:159,1
DA:160,1
DA:163,3
DA:164,3
DA:165,1
DA:169,1
DA:171,1
DA:174,1
DA:175,2
DA:176,1
DA:179,1
DA:183,1
DA:185,3
DA:186,1
DA:187,1
DA:188,1
DA:190,1
DA:191,1
DA:192,3
DA:193,3
DA:196,4
DA:198,1
DA:202,1
DA:204,3
DA:205,1
DA:206,1
DA:207,1
DA:209,1
DA:210,1
DA:211,3
DA:212,3
DA:216,1
DA:220,1
DA:222,1
DA:225,1
DA:226,1
DA:231,3
DA:232,1
DA:235,1
DA:236,1
DA:237,1
DA:239,1
DA:241,1
DA:243,1
DA:245,1
LF:122
LH:112
end_of_record
TN:
SF:lib/routes/edit_story/bloc/edit_story_bloc.dart
FNF:0
FNH:0
DA:27,1
DA:29,1
DA:30,2
DA:31,2
DA:35,1
DA:37,2
DA:40,4
DA:41,0
DA:42,0
DA:44,0
DA:47,2
DA:48,1
DA:50,4
DA:55,1
DA:57,1
DA:60,1
DA:61,3
DA:62,1
DA:63,1
DA:64,1
DA:65,1
DA:66,1
DA:67,1
DA:68,1
DA:69,1
DA:70,1
DA:71,1
DA:72,1
DA:73,1
DA:75,1
DA:76,1
DA:77,1
DA:78,1
DA:79,1
DA:80,1
DA:81,1
DA:83,1
DA:84,1
DA:85,2
DA:90,1
DA:91,1
DA:92,0
DA:93,0
DA:94,0
DA:95,1
DA:96,0
DA:97,0
DA:98,1
DA:99,0
DA:100,0
DA:103,1
DA:111,1
DA:112,1
DA:113,1
DA:116,1
DA:117,1
DA:119,1
DA:120,1
DA:123,1
DA:124,1
DA:130,1
DA:132,3
DA:133,1
DA:135,3
DA:136,3
DA:137,3
DA:138,1
DA:142,1
DA:143,1
DA:144,1
DA:146,1
DA:149,1
DA:153,1
DA:155,3
DA:156,1
DA:158,3
DA:159,1
DA:161,3
DA:162,1
DA:163,1
DA:164,1
DA:167,3
DA:168,3
DA:169,1
DA:173,1
DA:175,1
DA:178,1
DA:179,2
DA:180,1
DA:183,1
DA:187,1
DA:189,3
DA:190,1
DA:191,1
DA:192,1
DA:194,1
DA:195,1
DA:196,3
DA:197,3
DA:200,4
DA:202,1
DA:206,1
DA:208,3
DA:209,1
DA:210,1
DA:211,1
DA:213,1
DA:214,1
DA:215,3
DA:216,3
DA:220,1
DA:224,1
DA:225,1
DA:230,3
DA:231,1
DA:234,1
DA:235,1
DA:236,1
DA:238,1
DA:240,1
DA:242,1
DA:244,1
LF:122
LH:112
end_of_record
TN:
SF:lib/routes/home/model/home_repository.dart
FNF:0
FNH:0
DA:16,1
DA:18,1
DA:22,3
DA:23,2
DA:26,1
DA:29,1
DA:30,2
DA:31,2
LF:8
LH:8
end_of_record
TN:
SF:lib/routes/landing/bloc/landing_bloc.dart
FNF:0
FNH:0
DA:8,2
DA:9,2
DA:10,2
DA:12,1
DA:14,3
DA:15,3
DA:18,1
DA:20,3
LF:8
LH:8
end_of_record
TN:
SF:lib/routes/login/bloc/login_bloc.dart
FNF:0
FNH:0
DA:25,1
DA:27,1
DA:28,2
DA:29,2
DA:30,2
DA:31,2
DA:32,2
DA:40,1
DA:41,1
DA:47,1
DA:48,1
DA:54,1
DA:55,1
DA:56,1
DA:57,1
DA:58,1
DA:59,1
DA:62,1
DA:64,3
DA:65,3
DA:66,2
DA:69,1
DA:71,3
DA:72,3
DA:73,2
DA:76,1
DA:78,2
DA:81,1
DA:82,1
DA:85,1
DA:87,1
DA:88,2
DA:91,1
DA:96,1
DA:97,1
DA:98,1
DA:102,2
DA:103,0
DA:104,0
DA:106,0
DA:110,2
DA:111,1
DA:113,2
DA:114,2
DA:115,1
DA:116,1
DA:118,4
DA:123,1
DA:125,2
LF:49
LH:46
end_of_record
TN:
SF:lib/routes/profile/model/profile_repository.dart
FNF:0
FNH:0
DA:28,1
DA:30,1
DA:33,3
DA:34,2
DA:37,1
DA:40,3
DA:41,2
DA:44,1
DA:46,2
DA:48,1
DA:49,2
DA:52,1
DA:54,2
DA:56,1
DA:57,1
DA:58,2
DA:62,2
DA:65,1
DA:67,2
DA:68,2
DA:71,1
DA:74,3
DA:75,2
LF:23
LH:23
end_of_record
TN:
SF:lib/routes/profile/util/date_util.dart
FNF:0
FNH:0
DA:3,1
DA:4,1
DA:5,1
DA:6,3
DA:7,1
DA:8,3
DA:9,1
DA:10,5
DA:11,1
DA:12,2
DA:13,1
DA:14,5
DA:20,1
DA:26,1
DA:29,6
DA:32,5
DA:33,3
DA:38,2
LF:18
LH:18
end_of_record
TN:
SF:lib/routes/recommendations/bloc/recommendations_bloc.dart
FNF:0
FNH:0
DA:25,1
DA:27,1
DA:28,2
DA:29,2
DA:32,1
DA:35,1
DA:38,1
DA:42,1
DA:45,1
DA:48,2
DA:49,0
DA:50,0
DA:53,0
DA:56,2
DA:57,1
DA:58,2
DA:59,1
DA:60,2
DA:61,2
DA:62,2
DA:65,2
DA:66,1
DA:69,0
DA:74,1
DA:75,1
DA:76,1
DA:77,3
DA:78,1
DA:79,3
DA:80,1
DA:81,5
DA:82,1
DA:83,2
DA:84,1
DA:85,5
DA:91,1
DA:97,1
DA:100,6
DA:104,3
DA:109,2
LF:40
LH:36
end_of_record
TN:
SF:lib/routes/register/model/register_repository.dart
FNF:0
FNH:0
DA:13,1
DA:15,1
DA:18,2
DA:19,2
LF:4
LH:4
end_of_record
TN:
SF:lib/routes/search/bloc/search_story_bloc.dart
FNF:0
FNH:0
DA:26,1
DA:28,1
DA:29,2
DA:30,2
DA:33,1
DA:35,1
DA:39,2
DA:40,0
DA:41,0
DA:43,0
DA:47,1
DA:48,2
DA:49,3
DA:51,1
DA:54,0
DA:59,1
DA:61,3
DA:63,1
DA:64,1
DA:65,1
DA:66,1
DA:67,1
DA:69,1
DA:70,1
DA:71,1
DA:72,1
DA:75,1
DA:76,2
DA:77,1
DA:78,2
DA:80,2
DA:81,1
DA:82,1
DA:83,1
DA:84,1
DA:87,2
DA:88,2
DA:91,2
DA:92,1
DA:93,2
DA:96,2
DA:97,3
DA:102,1
DA:103,1
DA:104,2
DA:105,3
DA:106,3
DA:113,1
DA:114,1
DA:119,3
DA:120,1
DA:123,1
DA:125,1
DA:128,1
DA:129,1
DA:130,1
DA:132,1
DA:134,1
DA:136,1
DA:138,1
LF:60
LH:56
end_of_record
TN:
SF:lib/routes/story_detail/model/story_detail_repository.dart
FNF:0
FNH:0
DA:26,1
DA:28,1
DA:31,3
DA:32,2
DA:35,1
DA:38,3
DA:39,2
DA:42,1
DA:45,3
DA:46,2
DA:49,1
DA:52,3
DA:53,2
DA:56,1
DA:59,1
DA:60,2
DA:61,2
LF:17
LH:17
end_of_record
