SF:lib/routes/login/bloc/login_state.dart
DA:4,3
DA:6,0
DA:7,0
DA:11,1
DA:20,2
DA:27,1
DA:28,1
DA:29,1
DA:30,1
DA:31,1
DA:32,1
DA:35,1
DA:40,1
DA:42,0
DA:43,0
DA:45,1
DA:52,1
DA:54,0
DA:55,0
DA:57,1
DA:58,2
DA:64,1
DA:66,0
DA:67,0
DA:69,0
DA:70,0
LF:26
LH:16
end_of_record
SF:lib/routes/login/bloc/login_event.dart
DA:4,2
DA:6,0
DA:7,0
DA:11,0
DA:18,1
DA:20,0
DA:21,0
DA:27,1
DA:29,0
DA:30,0
DA:37,1
DA:40,0
DA:43,0
DA:44,0
LF:14
LH:4
end_of_record
SF:lib/routes/login/bloc/login_bloc.dart
DA:25,1
DA:27,1
DA:28,2
DA:29,2
DA:30,2
DA:31,2
DA:32,2
DA:40,1
DA:41,1
DA:47,1
DA:48,1
DA:54,1
DA:55,1
DA:56,1
DA:57,1
DA:58,1
DA:59,1
DA:62,1
DA:64,3
DA:65,3
DA:66,2
DA:69,1
DA:71,3
DA:72,3
DA:73,2
DA:76,1
DA:78,2
DA:81,1
DA:82,1
DA:85,1
DA:87,1
DA:88,2
DA:91,1
DA:96,1
DA:97,1
DA:98,1
DA:102,2
DA:103,0
DA:104,0
DA:106,0
DA:110,2
DA:111,1
DA:113,2
DA:114,2
DA:115,1
DA:116,1
DA:118,4
DA:123,1
DA:125,2
LF:49
LH:46
end_of_record
SF:lib/routes/login/model/login_repository.dart
DA:16,0
DA:17,0
DA:19,0
DA:22,0
DA:23,0
DA:26,0
DA:29,0
DA:30,0
LF:8
LH:0
end_of_record
SF:lib/routes/login/model/login_request_model.dart
DA:10,1
DA:15,0
DA:16,0
DA:18,0
LF:4
LH:1
end_of_record
SF:lib/routes/login/model/login_request_model.g.dart
DA:9,0
DA:10,0
DA:11,0
DA:12,0
DA:15,0
DA:16,0
DA:17,0
DA:18,0
LF:8
LH:0
end_of_record
SF:lib/routes/login/model/login_response_model.dart
DA:11,1
DA:16,1
DA:18,0
DA:19,0
DA:21,0
DA:22,0
LF:6
LH:2
end_of_record
SF:lib/routes/login/model/login_response_model.g.dart
DA:9,0
DA:10,0
DA:11,0
DA:12,0
DA:13,0
DA:14,0
DA:17,0
DA:18,0
DA:19,0
DA:20,0
DA:21,0
DA:22,0
LF:12
LH:0
end_of_record
SF:lib/routes/login/model/user_details_response_model.dart
DA:9,1
DA:18,0
DA:19,0
DA:20,0
DA:21,0
DA:22,0
DA:23,0
DA:24,0
DA:25,0
LF:9
LH:1
end_of_record
SF:lib/network/model/response_model.dart
DA:12,1
DA:14,0
DA:15,0
DA:16,0
LF:4
LH:1
end_of_record
SF:lib/network/model/response_model.g.dart
DA:9,0
DA:10,0
DA:11,0
DA:12,0
DA:15,0
DA:16,0
DA:17,0
DA:18,0
LF:8
LH:0
end_of_record
SF:lib/network/network_manager.dart
DA:20,0
DA:21,0
DA:23,0
DA:32,0
DA:33,0
DA:37,0
DA:39,0
DA:40,0
DA:44,0
DA:45,0
DA:46,0
DA:50,0
DA:53,0
DA:54,0
DA:58,0
DA:59,0
DA:60,0
DA:64,0
DA:67,0
DA:68,0
DA:71,0
DA:73,0
DA:74,0
DA:75,0
DA:76,0
DA:79,0
DA:81,0
DA:84,0
DA:85,0
DA:88,0
DA:90,0
DA:91,0
DA:92,0
DA:93,0
DA:96,0
DA:98,0
DA:101,0
DA:102,0
DA:106,0
DA:107,0
DA:108,0
DA:109,0
DA:111,0
DA:114,0
DA:115,0
DA:119,0
DA:120,0
DA:124,0
DA:125,0
DA:128,0
DA:129,0
DA:130,0
DA:134,0
DA:138,0
DA:140,0
DA:141,0
DA:142,0
DA:143,0
DA:148,0
DA:149,0
DA:152,0
DA:153,0
DA:154,0
DA:155,0
DA:156,0
DA:159,0
DA:162,0
DA:164,0
DA:165,0
DA:172,0
DA:175,0
DA:176,0
DA:177,0
DA:180,0
LF:74
LH:0
end_of_record
SF:lib/util/sp_helper.dart
DA:10,1
DA:11,1
DA:12,1
DA:15,0
DA:16,0
DA:17,0
DA:20,1
DA:21,1
DA:22,1
DA:25,0
DA:26,0
DA:27,0
DA:30,1
DA:31,1
DA:32,1
DA:35,0
DA:36,0
DA:37,0
DA:40,0
DA:41,0
DA:42,0
DA:45,0
DA:46,0
DA:47,0
LF:24
LH:9
end_of_record
SF:lib/util/api_endpoints.dart
DA:11,0
DA:12,0
DA:15,0
DA:16,0
DA:19,0
DA:20,0
DA:23,0
DA:24,0
DA:27,0
DA:28,0
DA:31,0
DA:32,0
DA:35,0
DA:36,0
DA:39,0
DA:40,0
DA:43,0
DA:44,0
DA:47,0
DA:48,0
DA:51,0
DA:55,0
DA:58,0
DA:59,0
LF:24
LH:0
end_of_record
