SF:lib/routes/home/model/location_model.dart
DA:12,2
DA:21,0
DA:22,0
DA:23,0
DA:25,0
DA:26,0
DA:28,0
DA:29,0
DA:30,0
DA:32,0
DA:33,0
DA:35,0
DA:45,2
DA:50,0
DA:51,0
DA:53,0
DA:54,0
DA:55,0
DA:56,0
DA:57,0
DA:58,0
DA:68,0
DA:73,0
DA:74,0
DA:76,0
DA:77,0
DA:78,0
DA:79,0
DA:80,0
DA:81,0
DA:91,0
DA:96,0
DA:97,0
DA:99,0
DA:100,0
DA:101,0
DA:102,0
DA:103,0
DA:104,0
LF:39
LH:2
end_of_record
SF:lib/routes/home/model/story_model.dart
DA:44,4
DA:67,1
DA:68,1
DA:70,2
LF:4
LH:4
end_of_record
SF:lib/routes/home/model/story_model.g.dart
DA:9,2
DA:10,1
DA:11,1
DA:12,1
DA:13,1
DA:14,1
DA:15,1
DA:16,1
DA:17,1
DA:18,1
DA:19,1
DA:20,1
DA:21,1
DA:22,1
DA:23,1
DA:24,1
DA:25,1
DA:26,1
DA:27,1
DA:29,2
DA:30,1
DA:31,1
DA:32,1
DA:33,1
DA:34,3
DA:37,1
DA:38,1
DA:39,1
DA:40,1
DA:41,1
DA:42,1
DA:43,1
DA:44,1
DA:45,1
DA:46,1
DA:47,1
DA:48,1
DA:49,1
DA:50,1
DA:51,1
DA:52,2
DA:53,1
DA:54,1
DA:55,1
DA:56,1
DA:57,1
LF:46
LH:46
end_of_record
SF:lib/routes/recommendations/bloc/recommendations_state.dart
DA:4,12
DA:6,0
DA:7,0
DA:11,11
DA:17,1
DA:20,0
DA:21,0
DA:23,1
DA:28,0
DA:30,0
DA:31,0
DA:33,0
DA:40,0
DA:42,0
DA:43,0
DA:45,0
DA:46,0
DA:52,11
DA:54,0
DA:55,0
DA:57,0
DA:59,0
LF:22
LH:5
end_of_record
SF:lib/routes/recommendations/bloc/recommendations_bloc.dart
DA:25,1
DA:27,1
DA:28,2
DA:29,2
DA:32,1
DA:35,1
DA:38,1
DA:42,1
DA:45,1
DA:48,2
DA:49,0
DA:50,0
DA:53,0
DA:56,2
DA:57,1
DA:58,2
DA:59,1
DA:60,2
DA:61,2
DA:62,2
DA:65,2
DA:66,1
DA:69,0
DA:74,1
DA:75,1
DA:76,1
DA:77,3
DA:78,1
DA:79,3
DA:80,1
DA:81,5
DA:82,1
DA:83,2
DA:84,1
DA:85,5
DA:91,1
DA:97,1
DA:100,6
DA:104,3
DA:109,2
LF:40
LH:36
end_of_record
SF:lib/routes/recommendations/bloc/recommendations_event.dart
DA:4,1
DA:6,0
DA:7,0
DA:11,0
DA:14,0
DA:15,0
DA:19,0
DA:22,0
DA:23,0
LF:9
LH:1
end_of_record
SF:lib/routes/recommendations/model/recommendations_repository.dart
DA:12,0
DA:13,0
DA:15,0
DA:18,0
DA:19,0
LF:5
LH:0
end_of_record
SF:lib/routes/recommendations/model/recommendations_response.dart
DA:11,1
DA:15,1
DA:17,0
DA:18,0
DA:20,0
DA:21,0
DA:28,1
DA:32,0
DA:33,0
LF:9
LH:3
end_of_record
SF:lib/routes/recommendations/model/recommendations_response.g.dart
DA:9,0
DA:11,0
DA:12,0
DA:13,0
DA:14,0
DA:15,0
DA:16,0
DA:19,0
DA:21,0
DA:22,0
DA:23,0
DA:24,0
DA:27,0
DA:28,0
DA:29,0
DA:31,0
DA:34,0
DA:35,0
DA:36,0
LF:19
LH:0
end_of_record
SF:lib/routes/story_detail/model/tag_model.dart
DA:8,4
DA:16,0
DA:17,0
DA:18,0
DA:19,0
DA:20,0
DA:21,0
DA:22,0
DA:26,0
DA:27,0
DA:28,0
DA:29,0
DA:30,0
DA:31,0
DA:32,0
LF:15
LH:1
end_of_record
SF:lib/network/model/response_model.dart
DA:12,6
DA:14,0
DA:15,0
DA:16,0
LF:4
LH:1
end_of_record
SF:lib/network/model/response_model.g.dart
DA:9,0
DA:10,0
DA:11,0
DA:12,0
DA:15,0
DA:16,0
DA:17,0
DA:18,0
LF:8
LH:0
end_of_record
SF:lib/network/network_manager.dart
DA:20,4
DA:21,8
DA:23,8
DA:32,0
DA:33,0
DA:37,0
DA:39,0
DA:40,0
DA:44,0
DA:45,0
DA:46,0
DA:50,0
DA:53,0
DA:54,0
DA:58,0
DA:59,0
DA:60,0
DA:64,0
DA:67,0
DA:68,0
DA:71,0
DA:73,0
DA:74,0
DA:75,0
DA:76,0
DA:79,0
DA:81,0
DA:84,0
DA:85,0
DA:88,0
DA:90,0
DA:91,0
DA:92,0
DA:93,0
DA:96,0
DA:98,0
DA:101,0
DA:102,0
DA:106,0
DA:107,0
DA:108,0
DA:109,0
DA:111,0
DA:114,0
DA:115,0
DA:119,0
DA:120,0
DA:124,0
DA:125,0
DA:128,0
DA:129,0
DA:130,0
DA:134,0
DA:138,0
DA:140,0
DA:141,0
DA:142,0
DA:143,0
DA:148,0
DA:149,0
DA:152,0
DA:153,0
DA:154,0
DA:155,0
DA:156,0
DA:159,0
DA:162,0
DA:164,0
DA:165,0
DA:172,0
DA:175,0
DA:176,0
DA:177,0
DA:180,0
LF:74
LH:3
end_of_record
SF:lib/util/sp_helper.dart
DA:10,1
DA:11,1
DA:12,1
DA:15,0
DA:16,0
DA:17,0
DA:20,1
DA:21,1
DA:22,1
DA:25,0
DA:26,0
DA:27,0
DA:30,1
DA:31,1
DA:32,1
DA:35,0
DA:36,0
DA:37,0
DA:40,0
DA:41,0
DA:42,0
DA:45,0
DA:46,0
DA:47,0
LF:24
LH:9
end_of_record
SF:lib/util/api_endpoints.dart
DA:11,0
DA:12,0
DA:15,1
DA:16,1
DA:19,1
DA:20,1
DA:23,1
DA:24,1
DA:27,1
DA:28,1
DA:31,1
DA:32,1
DA:35,1
DA:36,1
DA:39,1
DA:40,1
DA:43,0
DA:44,0
DA:47,1
DA:48,1
DA:51,1
DA:55,1
DA:58,0
DA:59,0
DA:62,1
DA:63,1
LF:26
LH:20
end_of_record
SF:lib/routes/profile/util/date_util.dart
DA:3,1
DA:4,1
DA:5,1
DA:6,3
DA:7,1
DA:8,3
DA:9,1
DA:10,5
DA:11,1
DA:12,2
DA:13,1
DA:14,5
DA:20,1
DA:26,1
DA:29,6
DA:32,5
DA:33,3
DA:38,2
LF:18
LH:18
end_of_record
SF:lib/routes/home/model/response/stories_response_model.dart
DA:15,2
DA:24,2
DA:25,2
DA:27,4
LF:4
LH:4
end_of_record
SF:lib/routes/home/model/response/stories_response_model.g.dart
DA:9,2
DA:11,2
DA:12,2
DA:13,2
DA:14,2
DA:15,2
DA:16,2
DA:17,2
DA:18,2
DA:19,2
DA:22,2
DA:24,2
DA:25,2
DA:26,2
DA:27,2
DA:28,2
DA:29,2
DA:30,2
LF:18
LH:18
end_of_record
SF:lib/routes/home/model/home_repository.dart
DA:16,1
DA:18,1
DA:22,3
DA:23,2
DA:26,1
DA:29,1
DA:30,2
DA:31,2
LF:8
LH:8
end_of_record
SF:lib/routes/search/bloc/search_story_state.dart
DA:4,2
DA:6,1
DA:7,1
DA:12,1
DA:14,0
DA:15,0
DA:17,1
DA:24,1
DA:26,0
DA:27,0
DA:29,1
DA:30,2
DA:36,1
DA:38,0
DA:39,0
DA:41,0
DA:43,0
LF:17
LH:9
end_of_record
SF:lib/routes/search/bloc/search_story_event.dart
DA:4,2
DA:25,1
DA:44,0
DA:45,0
DA:46,0
DA:47,0
DA:48,0
DA:49,0
DA:50,0
DA:51,0
DA:52,0
DA:53,0
DA:54,0
DA:55,0
DA:56,0
DA:57,0
DA:58,0
DA:59,0
DA:60,0
DA:61,0
DA:66,0
DA:67,0
LF:22
LH:2
end_of_record
SF:lib/routes/search/bloc/search_story_bloc.dart
DA:26,1
DA:28,1
DA:29,2
DA:30,2
DA:33,1
DA:35,1
DA:39,2
DA:40,0
DA:41,0
DA:43,0
DA:47,1
DA:48,2
DA:49,3
DA:51,1
DA:54,0
DA:59,1
DA:61,3
DA:63,1
DA:64,1
DA:65,1
DA:66,1
DA:67,1
DA:69,1
DA:70,1
DA:71,1
DA:72,1
DA:75,1
DA:76,2
DA:77,1
DA:78,2
DA:80,2
DA:81,1
DA:82,1
DA:83,1
DA:84,1
DA:87,2
DA:88,2
DA:91,2
DA:92,1
DA:93,2
DA:96,2
DA:97,3
DA:102,1
DA:103,1
DA:104,2
DA:105,3
DA:106,3
DA:113,1
DA:114,1
DA:119,3
DA:120,1
DA:123,1
DA:125,1
DA:128,1
DA:129,1
DA:130,1
DA:132,1
DA:134,1
DA:136,1
DA:138,1
LF:60
LH:56
end_of_record
SF:lib/routes/search/model/search_story_repository.dart
DA:12,0
DA:13,0
DA:15,0
DA:19,0
DA:20,0
LF:5
LH:0
end_of_record
SF:lib/routes/search/model/search_story_request_model.dart
DA:24,1
DA:37,0
DA:38,0
DA:40,0
DA:41,0
DA:42,0
DA:43,0
DA:54,1
DA:56,0
DA:57,0
DA:59,0
DA:63,0
DA:64,0
DA:66,0
DA:67,0
DA:68,0
DA:69,0
DA:70,0
DA:71,0
DA:72,0
DA:73,0
DA:74,0
DA:75,0
DA:77,0
DA:90,1
DA:95,0
DA:96,0
DA:98,0
DA:108,1
DA:114,0
DA:115,0
DA:117,0
DA:125,1
DA:130,0
DA:131,0
DA:133,0
DA:140,1
DA:144,0
DA:145,0
DA:147,0
DA:154,1
DA:158,0
DA:160,0
LF:43
LH:7
end_of_record
SF:lib/routes/search/model/search_story_request_model.g.dart
DA:9,0
DA:11,0
DA:12,0
DA:13,0
DA:14,0
DA:15,0
DA:16,0
DA:17,0
DA:19,0
DA:20,0
DA:22,0
DA:23,0
DA:24,0
DA:25,0
DA:28,0
DA:30,0
DA:31,0
DA:32,0
DA:33,0
DA:36,0
DA:38,0
DA:42,0
DA:43,0
DA:44,0
DA:45,0
DA:46,0
DA:47,0
DA:48,0
DA:52,0
DA:53,0
DA:54,0
DA:55,0
DA:56,0
DA:59,0
DA:60,0
DA:61,0
DA:64,0
DA:65,0
DA:66,0
DA:69,0
DA:70,0
DA:71,0
DA:72,0
DA:75,0
DA:76,0
DA:77,0
DA:78,0
DA:81,0
DA:82,0
DA:83,0
DA:84,0
DA:85,0
DA:88,0
DA:89,0
DA:90,0
DA:93,0
DA:94,0
DA:95,0
DA:96,0
DA:99,0
DA:100,0
DA:103,0
DA:104,0
DA:105,0
DA:108,0
DA:109,0
DA:112,0
DA:113,0
LF:68
LH:0
end_of_record
SF:lib/routes/search/model/search_story_response_model.dart
DA:9,1
DA:13,0
DA:14,0
DA:16,0
LF:4
LH:1
end_of_record
SF:lib/routes/search/model/search_story_response_model.g.dart
DA:9,0
DA:11,0
DA:12,0
DA:13,0
DA:14,0
DA:17,0
DA:19,0
DA:20,0
LF:8
LH:0
end_of_record
SF:lib/routes/landing/bloc/landing_state.dart
DA:4,2
DA:8,1
DA:14,1
DA:20,1
LF:4
LH:4
end_of_record
SF:lib/routes/landing/bloc/landing_bloc.dart
DA:8,2
DA:9,2
DA:10,2
DA:12,1
DA:14,3
DA:15,3
DA:18,1
DA:20,3
LF:8
LH:8
end_of_record
SF:lib/routes/landing/bloc/landing_event.dart
DA:7,1
DA:13,1
LF:2
LH:2
end_of_record
SF:lib/routes/app/model/response/base_response_model.dart
DA:5,2
DA:10,1
DA:11,1
DA:12,1
DA:13,1
DA:17,2
DA:18,2
DA:19,2
DA:20,2
LF:9
LH:9
end_of_record
SF:lib/routes/login/model/user_details_response_model.dart
DA:9,2
DA:18,1
DA:19,1
DA:20,1
DA:21,1
DA:22,1
DA:23,1
DA:24,1
DA:25,1
DA:29,1
DA:30,1
DA:31,1
DA:32,1
DA:33,1
DA:34,1
DA:35,1
DA:36,1
DA:40,1
DA:46,4
DA:49,0
DA:50,0
LF:21
LH:19
end_of_record
SF:lib/routes/profile/model/profile_repository.dart
DA:28,1
DA:30,1
DA:33,3
DA:34,2
DA:37,1
DA:40,3
DA:41,2
DA:44,1
DA:46,2
DA:48,1
DA:49,2
DA:52,1
DA:54,2
DA:56,1
DA:57,1
DA:58,2
DA:62,2
DA:65,1
DA:67,2
DA:68,2
DA:71,1
DA:74,3
DA:75,2
LF:23
LH:23
end_of_record
SF:lib/routes/profile/model/request/update_biography_request_model.dart
DA:4,1
DA:8,1
DA:9,1
DA:10,1
DA:14,1
DA:15,1
DA:16,1
LF:7
LH:7
end_of_record
SF:lib/routes/profile/model/response/add_profile_photo_response_model.dart
DA:7,1
DA:14,1
DA:15,1
DA:16,1
DA:17,1
DA:18,1
DA:19,1
DA:23,1
DA:24,1
DA:25,1
DA:26,1
DA:27,1
DA:28,1
LF:13
LH:13
end_of_record
SF:lib/routes/create_story/bloc/create_story_state.dart
DA:4,3
DA:6,1
DA:7,1
DA:11,2
DA:13,0
DA:14,0
DA:16,1
DA:23,1
DA:25,0
DA:26,0
DA:28,1
DA:29,2
DA:35,2
DA:37,0
DA:38,0
DA:40,0
DA:42,0
LF:17
LH:9
end_of_record
SF:lib/routes/create_story/bloc/create_story_event.dart
DA:4,1
DA:29,1
DA:52,0
DA:53,0
DA:54,0
DA:55,0
DA:56,0
DA:57,0
DA:58,0
DA:59,0
DA:60,0
DA:61,0
DA:62,0
DA:63,0
DA:64,0
DA:65,0
DA:66,0
DA:67,0
DA:68,0
DA:69,0
DA:70,0
DA:75,0
DA:76,0
LF:23
LH:2
end_of_record
SF:lib/routes/create_story/bloc/create_story_bloc.dart
DA:27,1
DA:29,1
DA:30,2
DA:31,2
DA:36,1
DA:38,2
DA:41,3
DA:42,0
DA:43,0
DA:45,0
DA:48,2
DA:49,1
DA:51,4
DA:56,1
DA:57,3
DA:58,1
DA:59,1
DA:60,1
DA:61,1
DA:62,1
DA:63,1
DA:64,1
DA:65,1
DA:66,1
DA:67,1
DA:68,1
DA:69,1
DA:71,1
DA:72,1
DA:73,1
DA:74,1
DA:75,1
DA:76,1
DA:77,1
DA:79,1
DA:80,1
DA:81,2
DA:86,1
DA:87,1
DA:88,0
DA:89,0
DA:90,0
DA:91,1
DA:92,0
DA:93,0
DA:94,1
DA:95,0
DA:96,0
DA:99,1
DA:107,1
DA:108,1
DA:109,1
DA:112,1
DA:113,1
DA:115,1
DA:116,1
DA:119,1
DA:120,1
DA:126,1
DA:128,3
DA:129,1
DA:131,3
DA:132,3
DA:133,3
DA:134,1
DA:138,1
DA:139,1
DA:140,1
DA:142,1
DA:145,1
DA:149,1
DA:151,3
DA:152,1
DA:154,3
DA:155,1
DA:157,3
DA:158,1
DA:159,1
DA:160,1
DA:163,3
DA:164,3
DA:165,1
DA:169,1
DA:171,1
DA:174,1
DA:175,2
DA:176,1
DA:179,1
DA:183,1
DA:185,3
DA:186,1
DA:187,1
DA:188,1
DA:190,1
DA:191,1
DA:192,3
DA:193,3
DA:196,4
DA:198,1
DA:202,1
DA:204,3
DA:205,1
DA:206,1
DA:207,1
DA:209,1
DA:210,1
DA:211,3
DA:212,3
DA:216,1
DA:220,1
DA:222,1
DA:225,1
DA:226,1
DA:231,3
DA:232,1
DA:235,1
DA:236,1
DA:237,1
DA:239,1
DA:241,1
DA:243,1
DA:245,1
LF:122
LH:112
end_of_record
SF:lib/routes/create_story/create_story_repository.dart
DA:13,0
DA:14,0
DA:16,0
DA:19,0
DA:20,0
LF:5
LH:0
end_of_record
SF:lib/routes/create_story/model/story_request_model.dart
DA:32,2
DA:49,0
DA:50,0
DA:52,0
DA:69,2
DA:78,0
DA:79,0
DA:81,0
DA:89,2
DA:94,0
DA:95,0
DA:97,0
DA:105,2
DA:110,0
DA:111,0
DA:113,0
DA:121,2
DA:126,0
DA:127,0
DA:129,0
LF:20
LH:5
end_of_record
SF:lib/routes/create_story/model/story_request_model.g.dart
DA:9,0
DA:10,0
DA:11,0
DA:12,0
DA:13,0
DA:14,0
DA:15,0
DA:16,0
DA:17,0
DA:18,0
DA:19,0
DA:20,0
DA:21,0
DA:22,0
DA:23,0
DA:24,0
DA:25,0
DA:26,0
DA:27,0
DA:28,0
DA:31,0
DA:32,0
DA:33,0
DA:34,0
DA:35,0
DA:36,0
DA:37,0
DA:38,0
DA:39,0
DA:40,0
DA:41,0
DA:42,0
DA:43,0
DA:44,0
DA:45,0
DA:46,0
DA:49,0
DA:50,0
DA:51,0
DA:53,0
DA:54,0
DA:56,0
DA:57,0
DA:58,0
DA:60,0
DA:61,0
DA:63,0
DA:66,0
DA:67,0
DA:68,0
DA:71,0
DA:73,0
DA:77,0
DA:78,0
DA:79,0
DA:80,0
DA:81,0
DA:85,0
DA:86,0
DA:87,0
DA:88,0
DA:89,0
DA:90,0
DA:93,0
DA:94,0
DA:95,0
DA:96,0
DA:99,0
DA:100,0
DA:101,0
DA:102,0
DA:103,0
DA:104,0
DA:105,0
DA:106,0
DA:107,0
DA:108,0
DA:111,0
DA:112,0
DA:113,0
DA:114,0
DA:117,0
DA:118,0
DA:119,0
DA:120,0
DA:121,0
DA:122,0
DA:123,0
DA:126,0
DA:127,0
DA:128,0
DA:129,0
LF:92
LH:0
end_of_record
SF:lib/routes/create_story/model/create_story_response_model.dart
DA:8,1
DA:9,1
DA:11,0
DA:12,0
DA:14,0
DA:15,0
LF:6
LH:2
end_of_record
SF:lib/routes/create_story/model/create_story_response_model.g.dart
DA:9,0
DA:11,0
DA:12,0
DA:13,0
DA:16,0
DA:18,0
DA:19,0
DA:20,0
LF:8
LH:0
end_of_record
SF:lib/routes/register/model/register_request_model.dart
DA:13,1
DA:20,0
DA:22,0
LF:3
LH:1
end_of_record
SF:lib/routes/register/model/register_request_model.g.dart
DA:9,0
DA:11,0
DA:12,0
DA:13,0
DA:14,0
DA:15,0
DA:18,0
DA:20,0
DA:21,0
DA:22,0
DA:23,0
DA:24,0
LF:12
LH:0
end_of_record
SF:lib/routes/register/model/register_response_model.dart
DA:11,1
DA:16,1
DA:18,1
DA:19,1
DA:21,1
DA:22,1
LF:6
LH:6
end_of_record
SF:lib/routes/register/model/register_response_model.g.dart
DA:9,1
DA:11,1
DA:12,1
DA:13,1
DA:14,1
DA:15,1
DA:18,1
DA:20,1
DA:21,1
DA:22,1
DA:23,1
DA:24,1
LF:12
LH:12
end_of_record
SF:lib/routes/register/model/register_repository.dart
DA:13,1
DA:15,1
DA:18,2
DA:19,2
LF:4
LH:4
end_of_record
SF:lib/routes/login/bloc/login_state.dart
DA:4,3
DA:6,0
DA:7,0
DA:11,1
DA:20,2
DA:27,1
DA:28,1
DA:29,1
DA:30,1
DA:31,1
DA:32,1
DA:35,1
DA:40,1
DA:42,0
DA:43,0
DA:45,1
DA:52,1
DA:54,0
DA:55,0
DA:57,1
DA:58,2
DA:64,1
DA:66,0
DA:67,0
DA:69,0
DA:70,0
LF:26
LH:16
end_of_record
SF:lib/routes/login/bloc/login_event.dart
DA:4,2
DA:6,0
DA:7,0
DA:11,0
DA:18,1
DA:20,0
DA:21,0
DA:27,1
DA:29,0
DA:30,0
DA:37,1
DA:40,0
DA:43,0
DA:44,0
LF:14
LH:4
end_of_record
SF:lib/routes/login/bloc/login_bloc.dart
DA:25,1
DA:27,1
DA:28,2
DA:29,2
DA:30,2
DA:31,2
DA:32,2
DA:40,1
DA:41,1
DA:47,1
DA:48,1
DA:54,1
DA:55,1
DA:56,1
DA:57,1
DA:58,1
DA:59,1
DA:62,1
DA:64,3
DA:65,3
DA:66,2
DA:69,1
DA:71,3
DA:72,3
DA:73,2
DA:76,1
DA:78,2
DA:81,1
DA:82,1
DA:85,1
DA:87,1
DA:88,2
DA:91,1
DA:96,1
DA:97,1
DA:98,1
DA:102,2
DA:103,0
DA:104,0
DA:106,0
DA:110,2
DA:111,1
DA:113,2
DA:114,2
DA:115,1
DA:116,1
DA:118,4
DA:123,1
DA:125,2
LF:49
LH:46
end_of_record
SF:lib/routes/login/model/login_repository.dart
DA:16,0
DA:17,0
DA:19,0
DA:22,0
DA:23,0
DA:26,0
DA:29,0
DA:30,0
LF:8
LH:0
end_of_record
SF:lib/routes/login/model/login_request_model.dart
DA:10,1
DA:15,0
DA:16,0
DA:18,0
LF:4
LH:1
end_of_record
SF:lib/routes/login/model/login_request_model.g.dart
DA:9,0
DA:10,0
DA:11,0
DA:12,0
DA:15,0
DA:16,0
DA:17,0
DA:18,0
LF:8
LH:0
end_of_record
SF:lib/routes/login/model/login_response_model.dart
DA:11,1
DA:16,1
DA:18,0
DA:19,0
DA:21,0
DA:22,0
LF:6
LH:2
end_of_record
SF:lib/routes/login/model/login_response_model.g.dart
DA:9,0
DA:10,0
DA:11,0
DA:12,0
DA:13,0
DA:14,0
DA:17,0
DA:18,0
DA:19,0
DA:20,0
DA:21,0
DA:22,0
LF:12
LH:0
end_of_record
SF:lib/routes/story_detail/model/story_detail_repository.dart
DA:26,1
DA:28,1
DA:31,3
DA:32,2
DA:35,1
DA:38,3
DA:39,2
DA:42,1
DA:45,3
DA:46,2
DA:49,1
DA:52,3
DA:53,2
DA:56,1
DA:59,1
DA:60,2
DA:61,2
LF:17
LH:17
end_of_record
SF:lib/routes/story_detail/model/comment_model.dart
DA:11,1
DA:22,1
DA:23,1
DA:24,1
DA:25,1
DA:26,1
DA:27,1
DA:28,1
DA:29,2
DA:30,1
DA:31,0
DA:32,1
DA:33,1
DA:37,1
DA:39,1
DA:40,1
DA:41,1
DA:42,1
DA:43,1
DA:44,1
DA:45,1
DA:46,1
DA:47,1
LF:23
LH:22
end_of_record
SF:lib/routes/home/model/response/avatar_response_model.dart
DA:4,1
DA:6,1
DA:7,1
DA:8,1
DA:12,1
DA:13,1
DA:14,1
LF:7
LH:7
end_of_record
SF:lib/routes/home/model/response/comments_response_model.dart
DA:13,1
DA:22,1
DA:23,1
DA:24,1
DA:25,1
DA:26,1
DA:27,1
DA:28,1
DA:29,1
DA:30,1
DA:31,1
DA:35,1
DA:36,1
DA:37,1
DA:38,1
DA:39,1
DA:40,1
DA:41,1
DA:42,1
LF:19
LH:19
end_of_record
SF:lib/routes/home/model/response/like_response_model.dart
DA:4,1
DA:9,1
DA:10,1
DA:11,1
DA:12,1
LF:5
LH:5
end_of_record
SF:lib/routes/story_detail/model/request/comment_request_model.dart
DA:6,1
DA:12,0
DA:13,0
DA:14,0
DA:15,0
DA:16,0
DA:20,0
DA:21,0
DA:22,0
DA:23,0
DA:24,0
LF:11
LH:1
end_of_record
SF:lib/routes/edit_story/bloc/edit_story_state.dart
DA:4,2
DA:6,1
DA:7,1
DA:11,1
DA:13,0
DA:14,0
DA:16,1
DA:23,1
DA:25,0
DA:26,0
DA:28,1
DA:29,2
DA:35,1
DA:37,0
DA:38,0
DA:40,0
DA:42,0
LF:17
LH:9
end_of_record
SF:lib/routes/edit_story/bloc/edit_story_event.dart
DA:4,1
DA:30,1
DA:53,0
DA:54,0
DA:55,0
DA:56,0
DA:57,0
DA:58,0
DA:59,0
DA:60,0
DA:61,0
DA:62,0
DA:63,0
DA:64,0
DA:65,0
DA:66,0
DA:67,0
DA:68,0
DA:69,0
DA:70,0
DA:71,0
DA:72,0
DA:77,0
DA:78,0
LF:24
LH:2
end_of_record
SF:lib/routes/edit_story/bloc/edit_story_bloc.dart
DA:27,1
DA:29,1
DA:30,2
DA:31,2
DA:35,1
DA:37,2
DA:40,4
DA:41,0
DA:42,0
DA:44,0
DA:47,2
DA:48,1
DA:50,4
DA:55,1
DA:57,1
DA:60,1
DA:61,3
DA:62,1
DA:63,1
DA:64,1
DA:65,1
DA:66,1
DA:67,1
DA:68,1
DA:69,1
DA:70,1
DA:71,1
DA:72,1
DA:73,1
DA:75,1
DA:76,1
DA:77,1
DA:78,1
DA:79,1
DA:80,1
DA:81,1
DA:83,1
DA:84,1
DA:85,2
DA:90,1
DA:91,1
DA:92,0
DA:93,0
DA:94,0
DA:95,1
DA:96,0
DA:97,0
DA:98,1
DA:99,0
DA:100,0
DA:103,1
DA:111,1
DA:112,1
DA:113,1
DA:116,1
DA:117,1
DA:119,1
DA:120,1
DA:123,1
DA:124,1
DA:130,1
DA:132,3
DA:133,1
DA:135,3
DA:136,3
DA:137,3
DA:138,1
DA:142,1
DA:143,1
DA:144,1
DA:146,1
DA:149,1
DA:153,1
DA:155,3
DA:156,1
DA:158,3
DA:159,1
DA:161,3
DA:162,1
DA:163,1
DA:164,1
DA:167,3
DA:168,3
DA:169,1
DA:173,1
DA:175,1
DA:178,1
DA:179,2
DA:180,1
DA:183,1
DA:187,1
DA:189,3
DA:190,1
DA:191,1
DA:192,1
DA:194,1
DA:195,1
DA:196,3
DA:197,3
DA:200,4
DA:202,1
DA:206,1
DA:208,3
DA:209,1
DA:210,1
DA:211,1
DA:213,1
DA:214,1
DA:215,3
DA:216,3
DA:220,1
DA:224,1
DA:225,1
DA:230,3
DA:231,1
DA:234,1
DA:235,1
DA:236,1
DA:238,1
DA:240,1
DA:242,1
DA:244,1
LF:122
LH:112
end_of_record
SF:lib/routes/edit_story/model/edit_story_repository.dart
DA:14,0
DA:15,0
DA:17,0
DA:20,0
DA:21,0
DA:22,0
LF:6
LH:0
end_of_record
SF:lib/routes/edit_story/model/edit_story_response_model.dart
DA:8,1
DA:9,1
DA:11,0
DA:12,0
DA:14,0
DA:15,0
LF:6
LH:2
end_of_record
SF:lib/routes/edit_story/model/edit_story_response_model.g.dart
DA:9,0
DA:11,0
DA:12,0
DA:13,0
DA:16,0
DA:18,0
DA:19,0
DA:20,0
LF:8
LH:0
end_of_record
SF:lib/routes/activity_stream/bloc/activity_stream_event.dart
DA:4,2
DA:6,0
DA:7,0
DA:11,0
DA:14,0
DA:15,0
DA:21,1
DA:22,0
DA:25,0
DA:26,0
LF:10
LH:2
end_of_record
SF:lib/routes/activity_stream/bloc/activity_stream_state.dart
DA:4,2
DA:6,0
DA:7,0
DA:11,1
DA:25,1
DA:36,0
DA:37,0
DA:38,0
DA:39,0
DA:40,0
DA:41,0
DA:42,0
DA:43,0
DA:44,0
DA:45,0
DA:48,1
DA:53,0
DA:55,0
DA:56,0
DA:58,0
DA:65,0
DA:67,0
DA:68,0
DA:70,0
DA:71,0
DA:77,1
DA:79,0
DA:80,0
DA:82,0
DA:84,0
LF:30
LH:5
end_of_record
SF:lib/routes/activity_stream/bloc/activity_stream_bloc.dart
DA:20,1
DA:22,1
DA:23,2
DA:24,2
DA:35,1
DA:38,1
DA:41,1
DA:44,2
DA:45,0
DA:46,0
DA:49,0
DA:53,2
DA:54,2
DA:55,2
DA:56,1
DA:58,1
DA:59,1
DA:60,1
DA:61,1
DA:62,1
DA:63,1
DA:64,1
DA:67,0
DA:72,1
DA:73,2
DA:74,3
DA:75,2
DA:77,3
DA:78,2
DA:80,3
DA:81,2
DA:83,3
DA:84,2
DA:86,3
DA:87,2
DA:89,3
DA:90,2
DA:92,3
DA:93,2
DA:98,1
DA:100,3
LF:41
LH:37
end_of_record
SF:lib/routes/activity_stream/model/activity_stream_repository.dart
DA:14,0
DA:15,0
DA:17,0
DA:19,0
DA:20,0
DA:23,0
DA:26,0
DA:27,0
LF:8
LH:0
end_of_record
SF:lib/routes/activity_stream/model/activity_stream_response_model.dart
DA:10,1
DA:14,1
DA:16,0
DA:17,0
DA:19,0
DA:20,0
DA:42,1
DA:55,0
DA:56,0
LF:9
LH:3
end_of_record
SF:lib/routes/activity_stream/model/activity_stream_response_model.g.dart
DA:9,0
DA:11,0
DA:12,0
DA:13,0
DA:14,0
DA:15,0
DA:16,0
DA:19,0
DA:21,0
DA:22,0
DA:23,0
DA:24,0
DA:27,0
DA:28,0
DA:29,0
DA:30,0
DA:31,0
DA:32,0
DA:33,0
DA:34,0
DA:35,0
DA:36,0
DA:37,0
DA:40,0
DA:41,0
DA:42,0
DA:43,0
DA:44,0
DA:45,0
DA:46,0
DA:47,0
DA:48,0
DA:49,0
DA:50,0
LF:34
LH:0
end_of_record
